<?xml version="1.0" encoding="UTF-8"?>
<!-- Generated by org.testng.reporters.JUnitXMLReporter -->
<testsuite ignored="2" hostname="DESKTOP-4OK3OP7" failures="0" tests="2" name="Testchrome" time="0.072" errors="0" timestamp="2024-03-13T03:53:10 IST">
  <testcase classname="pom.BaseClass" name="@BeforeClass aapOpen" time="0.004">
    <failure type="java.lang.NullPointerException" message="Cannot invoke &amp;quot;org.openqa.selenium.WebDriver.manage()&amp;quot; because &amp;quot;this.driver&amp;quot; is null">
      <![CDATA[java.lang.NullPointerException: Cannot invoke "org.openqa.selenium.WebDriver.manage()" because "this.driver" is null
at pom.BaseClass.aapOpen(BaseClass.java:45)
at java.base/java.util.ArrayList.forEach(ArrayList.java:1511)
... Removed 25 stack frames]]>
    </failure>
  </testcase> <!-- @BeforeClass aapOpen -->
  <testcase classname="pom.BaseClass" name="@BeforeClass aapOpen" time="0.0">
    <failure type="java.lang.NullPointerException" message="Cannot invoke &amp;quot;org.openqa.selenium.WebDriver.manage()&amp;quot; because &amp;quot;this.driver&amp;quot; is null">
      <![CDATA[java.lang.NullPointerException: Cannot invoke "org.openqa.selenium.WebDriver.manage()" because "this.driver" is null
at pom.BaseClass.aapOpen(BaseClass.java:45)
at java.base/java.util.ArrayList.forEach(ArrayList.java:1511)
... Removed 25 stack frames]]>
    </failure>
  </testcase> <!-- @BeforeClass aapOpen -->
  <testcase classname="prac.Login" name="t1" time="0.0">
    <skipped/>
  </testcase> <!-- t1 -->
  <testcase classname="prac.Order2" name="t2" time="0.0">
    <skipped/>
  </testcase> <!-- t2 -->
  <testcase classname="pom.BaseClass" name="@BeforeSuite connection" time="0.0">
    <ignored/>
  </testcase> <!-- @BeforeSuite connection -->
  <testcase classname="pom.BaseClass" name="@AfterSuite isConnection" time="0.0">
    <ignored/>
  </testcase> <!-- @AfterSuite isConnection -->
</testsuite> <!-- Testchrome -->
